Arguments: 
  /usr/local/Cellar/node/7.6.0/bin/node /usr/local/bin/yarn install

PATH: 
  /Users/GuyandCooper/.rbenv/shims:/Applications/Postgres.app/Contents/Versions/9.6/bin:/usr/local/bin:/usr/bin:/bin:/usr/sbin:/sbin:/usr/texbin

Yarn version: 
  0.21.3

Node version: 
  7.6.0

Platform: 
  darwin x64

npm manifest: 
  {
    "name": "repack",
    "repository": "https://github.com/cottonwoodcoding/repack",
    "version": "0.0.1",
    "license": "MIT",
    "engine": "node >= 0.4.1",
    "jest": {
      "moduleNameMapper": {
        "\\.(jpg|jpeg|png|gif|eot|otf|webp|svg|ttf|woff|woff2|mp4|webm|wav|mp3|m4a|aac|oga)$": "<rootDir>/client/__tests__/__mocks__/fileMock.js",
        "\\.(css|less)$": "<rootDir>/client/__tests__/__mocks__/styleMock.js"
      },
      "testRegex": "test.js$"
    },
    "scripts": {
      "dev_server": "./node_modules/.bin/webpack-dev-server --config config/webpack.config.js",
      "build": "webpack --config=config/webpack.config.js -p",
      "heroku-setup": "heroku buildpacks:clear && heroku buildpacks:set heroku/nodejs && heroku buildpacks:add heroku/ruby --index 2",
      "webpack:deploy-heroku": "webpack --config=config/webpack.config.heroku.js -p",
      "heroku-postbuild": "npm run webpack:deploy-heroku",
      "test": "jest",
      "test_watch": "jest --watch"
    },
    "dependencies": {
      "react-router-redux": "^4.0.5",
      "redux-auth-wrapper": "^1.0.0",
      "react-redux": "^4.4.5",
      "redux": "^3.5.2",
      "redux-thunk": "^2.1.0",
      "react-router": "^2.4.1",
      "autoprefixer": "^6.7.6",
      "react": "^15.1.0",
      "react-dom": "^15.1.0",
      "stats-webpack-plugin": "^0.5.0",
      "webpack": "^2.2.1",
      "babel-core": "^6.9.1",
      "babel-loader": "^6.2.4",
      "babel-preset-env": "^1.2.1",
      "image-webpack-loader": "3.0.0",
      "file-loader": "^0.9.0",
      "url-loader": "^0.5.7",
      "babel-preset-react": "^6.5.0",
      "babel-preset-stage-2": "^6.22.0",
      "css-loader": "^0.26.1",
      "node-sass": "^4.3.0",
      "postcss-loader": "^1.3.3",
      "sass-loader": "^4.1.1",
      "extract-text-webpack-plugin": "v2.0.0",
      "json-loader": "^0.5.4",
      "pngquant": "^1.2.0",
      "style-loader": "^0.13.1",
      "webpack-dev-middleware": "1.7.0"
    },
    "devDependencies": {
      "babel-jest": "^18.0.0",
      "enzyme": "^2.7.0",
      "jest": "^18.1.0",
      "react-addons-test-utils": "^15.4.1",
      "react-shallow-renderer": "^1.1.4",
      "react-test-renderer": "^15.4.1",
      "react-test-utils": "^0.0.1",
      "redux-mock-store": "^1.2.1",
      "sinon": "^1.17.7",
      "webpack-dashboard": "^0.2.0",
      "webpack-dev-server": "^1.9.0"
    }
  }

yarn manifest: 
  No manifest

Lockfile: 
  No lockfile

Trace: 
  Error: ENOENT: no such file or directory, open '/usr/local/lib/node_modules/yarn/node_modules/har-validator/lib/index.js'
      at Object.fs.openSync (fs.js:582:18)
      at Object.fs.readFileSync (fs.js:489:33)
      at Object.Module._extensions..js (module.js:579:20)
      at Module.load (module.js:488:32)
      at tryModuleLoad (module.js:447:12)
      at Function.Module._load (module.js:439:3)
      at Module.require (module.js:498:17)
      at require (internal/module.js:20:19)
      at Object.<anonymous> (/usr/local/lib/node_modules/yarn/node_modules/request/lib/har.js:5:16)
      at Module._compile (module.js:571:32)
